c:\uni svns\games eng gitlab\game-engineering-codebase\common\x64\debug\common.pdb
c:\uni svns\games eng gitlab\game-engineering-codebase\common\x64\debug\common.idb
c:\uni svns\games eng gitlab\game-engineering-codebase\common\x64\debug\win32keyboard.obj
c:\uni svns\games eng gitlab\game-engineering-codebase\common\x64\debug\vector4.obj
c:\uni svns\games eng gitlab\game-engineering-codebase\common\x64\debug\texturewriter.obj
c:\uni svns\games eng gitlab\game-engineering-codebase\common\x64\debug\textureloader.obj
c:\uni svns\games eng gitlab\game-engineering-codebase\common\x64\debug\texturebase.obj
c:\uni svns\games eng gitlab\game-engineering-codebase\common\x64\debug\simplefont.obj
c:\uni svns\games eng gitlab\game-engineering-codebase\common\x64\debug\shaderbase.obj
c:\uni svns\games eng gitlab\game-engineering-codebase\common\x64\debug\rendererbase.obj
c:\uni svns\games eng gitlab\game-engineering-codebase\common\x64\debug\quaternion.obj
c:\uni svns\games eng gitlab\game-engineering-codebase\common\x64\debug\plane.obj
c:\uni svns\games eng gitlab\game-engineering-codebase\common\x64\debug\mouse.obj
c:\uni svns\games eng gitlab\game-engineering-codebase\common\x64\debug\meshgeometry.obj
c:\uni svns\games eng gitlab\game-engineering-codebase\common\x64\debug\matrix4.obj
c:\uni svns\games eng gitlab\game-engineering-codebase\common\x64\debug\matrix3.obj
c:\uni svns\games eng gitlab\game-engineering-codebase\common\x64\debug\matrix2.obj
c:\uni svns\games eng gitlab\game-engineering-codebase\common\x64\debug\maths.obj
c:\uni svns\games eng gitlab\game-engineering-codebase\common\x64\debug\keyboard.obj
c:\uni svns\games eng gitlab\game-engineering-codebase\common\x64\debug\gametimer.obj
c:\uni svns\games eng gitlab\game-engineering-codebase\common\x64\debug\camera.obj
c:\uni svns\games eng gitlab\game-engineering-codebase\common\x64\debug\assets.obj
c:\uni svns\games eng gitlab\game-engineering-codebase\common\x64\debug\window.obj
c:\uni svns\games eng gitlab\game-engineering-codebase\common\x64\debug\win32window.obj
c:\uni svns\games eng gitlab\game-engineering-codebase\common\x64\debug\win32mouse.obj
c:\uni svns\games eng gitlab\game-engineering-codebase\x64\debug\common.lib
c:\uni svns\games eng gitlab\game-engineering-codebase\x64\debug\common.pdb
c:\uni svns\games eng gitlab\game-engineering-codebase\common\x64\debug\common.tlog\cl.command.1.tlog
c:\uni svns\games eng gitlab\game-engineering-codebase\common\x64\debug\common.tlog\cl.read.1.tlog
c:\uni svns\games eng gitlab\game-engineering-codebase\common\x64\debug\common.tlog\cl.write.1.tlog
c:\uni svns\games eng gitlab\game-engineering-codebase\common\x64\debug\common.tlog\lib-link.read.1.tlog
c:\uni svns\games eng gitlab\game-engineering-codebase\common\x64\debug\common.tlog\lib-link.write.1.tlog
c:\uni svns\games eng gitlab\game-engineering-codebase\common\x64\debug\common.tlog\lib.command.1.tlog
