  Assets.cpp
  Camera.cpp
  GameTimer.cpp
C:\Uni SVNs\Games Eng Gitlab\game-engineering-codebase\Common\GameTimer.h(26,60): warning C4244: 'return': conversion from 'double' to 'float', possible loss of data
  Keyboard.cpp
  Maths.cpp
  Matrix2.cpp
  Matrix3.cpp
  Matrix4.cpp
  MeshGeometry.cpp
  Mouse.cpp
  Plane.cpp
  Quaternion.cpp
  RendererBase.cpp
C:\Uni SVNs\Games Eng Gitlab\game-engineering-codebase\Common\GameTimer.h(26,60): warning C4244: 'return': conversion from 'double' to 'float', possible loss of data
  ShaderBase.cpp
  SimpleFont.cpp
  TextureBase.cpp
  TextureLoader.cpp
  TextureWriter.cpp
  Vector2.cpp
  Vector3.cpp
  Compiling...
  Vector4.cpp
  Win32Keyboard.cpp
C:\Uni SVNs\Games Eng Gitlab\game-engineering-codebase\Common\GameTimer.h(26,60): warning C4244: 'return': conversion from 'double' to 'float', possible loss of data
  Win32Mouse.cpp
C:\Uni SVNs\Games Eng Gitlab\game-engineering-codebase\Common\GameTimer.h(26,60): warning C4244: 'return': conversion from 'double' to 'float', possible loss of data
  Win32Window.cpp
C:\Uni SVNs\Games Eng Gitlab\game-engineering-codebase\Common\GameTimer.h(26,60): warning C4244: 'return': conversion from 'double' to 'float', possible loss of data
  Window.cpp
C:\Uni SVNs\Games Eng Gitlab\game-engineering-codebase\Common\GameTimer.h(26,60): warning C4244: 'return': conversion from 'double' to 'float', possible loss of data
C:\Uni SVNs\Games Eng Gitlab\game-engineering-codebase\Common\GameTimer.h(26,60): warning C4244: 'return': conversion from 'double' to 'float', possible loss of data
  Common.vcxproj -> C:\Uni SVNs\Games Eng Gitlab\game-engineering-codebase\x64\Release\Common.lib
