  Assets.cpp
  Camera.cpp
  GameTimer.cpp
  Keyboard.cpp
  Maths.cpp
  Matrix2.cpp
  Matrix3.cpp
C:\temp\PS4 Starter3\Common\Matrix3.cpp(159,9): warning : unused variable 'theta2' [-Wunused-variable]
                  float theta2 = Maths::PI - theta1;
                        ^
  1 warning generated.
  Matrix4.cpp
  MeshGeometry.cpp
C:\temp\PS4 Starter3\Common\MeshGeometry.cpp(137,11): warning : 5 enumeration values not handled in switch: 'VTex1', 'VWeightValues', 'VWeightIndices'... [-Wswitch]
                  switch ((GeometryChunkTypes)chunkType) {
                          ^
  1 warning generated.
  Mouse.cpp
  Plane.cpp
  Quaternion.cpp
  RendererBase.cpp
  ShaderBase.cpp
  SimpleFont.cpp
  TextureBase.cpp
  TextureLoader.cpp
  TextureWriter.cpp
  Vector2.cpp
  Vector3.cpp
  Vector4.cpp
  Win32Keyboard.cpp
  Win32Mouse.cpp
  Win32Window.cpp
  Window.cpp
  Common.vcxproj -> C:\temp\PS4 Starter3\ORBIS_Debug\Common.a
